<?xml version="1.0" encoding="UTF-8"?>
<testsuite name="com.example.mediaproject.MediaProjectApiApplicationTests" tests="1" skipped="0" failures="0" errors="0" timestamp="2021-11-13T01:38:30" hostname="MacBook-Pro-cua-PHAM.local" time="0.194">
  <properties/>
  <testcase name="contextLoads()" classname="com.example.mediaproject.MediaProjectApiApplicationTests" time="0.194"/>
  <system-out><![CDATA[10:38:22.292 [Test worker] DEBUG org.springframework.test.context.BootstrapUtils - Instantiating CacheAwareContextLoaderDelegate from class [org.springframework.test.context.cache.DefaultCacheAwareContextLoaderDelegate]
10:38:22.310 [Test worker] DEBUG org.springframework.test.context.BootstrapUtils - Instantiating BootstrapContext using constructor [public org.springframework.test.context.support.DefaultBootstrapContext(java.lang.Class,org.springframework.test.context.CacheAwareContextLoaderDelegate)]
10:38:22.350 [Test worker] DEBUG org.springframework.test.context.BootstrapUtils - Instantiating TestContextBootstrapper for test class [com.example.mediaproject.MediaProjectApiApplicationTests] from class [org.springframework.boot.test.context.SpringBootTestContextBootstrapper]
10:38:22.367 [Test worker] INFO org.springframework.boot.test.context.SpringBootTestContextBootstrapper - Neither @ContextConfiguration nor @ContextHierarchy found for test class [com.example.mediaproject.MediaProjectApiApplicationTests], using SpringBootContextLoader
10:38:22.372 [Test worker] DEBUG org.springframework.test.context.support.AbstractContextLoader - Did not detect default resource location for test class [com.example.mediaproject.MediaProjectApiApplicationTests]: class path resource [com/example/mediaproject/MediaProjectApiApplicationTests-context.xml] does not exist
10:38:22.373 [Test worker] DEBUG org.springframework.test.context.support.AbstractContextLoader - Did not detect default resource location for test class [com.example.mediaproject.MediaProjectApiApplicationTests]: class path resource [com/example/mediaproject/MediaProjectApiApplicationTestsContext.groovy] does not exist
10:38:22.373 [Test worker] INFO org.springframework.test.context.support.AbstractContextLoader - Could not detect default resource locations for test class [com.example.mediaproject.MediaProjectApiApplicationTests]: no resource found for suffixes {-context.xml, Context.groovy}.
10:38:22.374 [Test worker] INFO org.springframework.test.context.support.AnnotationConfigContextLoaderUtils - Could not detect default configuration classes for test class [com.example.mediaproject.MediaProjectApiApplicationTests]: MediaProjectApiApplicationTests does not declare any static, non-private, non-final, nested classes annotated with @Configuration.
10:38:22.424 [Test worker] DEBUG org.springframework.test.context.support.ActiveProfilesUtils - Could not find an 'annotation declaring class' for annotation type [org.springframework.test.context.ActiveProfiles] and class [com.example.mediaproject.MediaProjectApiApplicationTests]
10:38:22.494 [Test worker] DEBUG org.springframework.context.annotation.ClassPathScanningCandidateComponentProvider - Identified candidate component class: file [/Users/phamkien/MediaProjectApi/build/classes/kotlin/main/com/example/mediaproject/MediaProjectApiApplication.class]
10:38:22.496 [Test worker] INFO org.springframework.boot.test.context.SpringBootTestContextBootstrapper - Found @SpringBootConfiguration com.example.mediaproject.MediaProjectApiApplication for test class com.example.mediaproject.MediaProjectApiApplicationTests
10:38:22.642 [Test worker] DEBUG org.springframework.boot.test.context.SpringBootTestContextBootstrapper - @TestExecutionListeners is not present for class [com.example.mediaproject.MediaProjectApiApplicationTests]: using defaults.
10:38:22.643 [Test worker] INFO org.springframework.boot.test.context.SpringBootTestContextBootstrapper - Loaded default TestExecutionListener class names from location [META-INF/spring.factories]: [org.springframework.boot.test.autoconfigure.restdocs.RestDocsTestExecutionListener, org.springframework.boot.test.autoconfigure.web.client.MockRestServiceServerResetTestExecutionListener, org.springframework.boot.test.autoconfigure.web.servlet.MockMvcPrintOnlyOnFailureTestExecutionListener, org.springframework.boot.test.autoconfigure.web.servlet.WebDriverTestExecutionListener, org.springframework.boot.test.autoconfigure.webservices.client.MockWebServiceServerTestExecutionListener, org.springframework.boot.test.mock.mockito.MockitoTestExecutionListener, org.springframework.boot.test.mock.mockito.ResetMocksTestExecutionListener, org.springframework.test.context.web.ServletTestExecutionListener, org.springframework.test.context.support.DirtiesContextBeforeModesTestExecutionListener, org.springframework.test.context.event.ApplicationEventsTestExecutionListener, org.springframework.test.context.support.DependencyInjectionTestExecutionListener, org.springframework.test.context.support.DirtiesContextTestExecutionListener, org.springframework.test.context.transaction.TransactionalTestExecutionListener, org.springframework.test.context.jdbc.SqlScriptsTestExecutionListener, org.springframework.test.context.event.EventPublishingTestExecutionListener]
10:38:22.674 [Test worker] INFO org.springframework.boot.test.context.SpringBootTestContextBootstrapper - Using TestExecutionListeners: [org.springframework.test.context.web.ServletTestExecutionListener@2c806d16, org.springframework.test.context.support.DirtiesContextBeforeModesTestExecutionListener@14b78b66, org.springframework.test.context.event.ApplicationEventsTestExecutionListener@2ea4bec0, org.springframework.boot.test.mock.mockito.MockitoTestExecutionListener@4c1b4808, org.springframework.boot.test.autoconfigure.SpringBootDependencyInjectionTestExecutionListener@635c6440, org.springframework.test.context.support.DirtiesContextTestExecutionListener@4b983ff6, org.springframework.test.context.transaction.TransactionalTestExecutionListener@4041dafb, org.springframework.test.context.jdbc.SqlScriptsTestExecutionListener@560c91f3, org.springframework.test.context.event.EventPublishingTestExecutionListener@56f29116, org.springframework.boot.test.autoconfigure.restdocs.RestDocsTestExecutionListener@5c1f73b1, org.springframework.boot.test.autoconfigure.web.client.MockRestServiceServerResetTestExecutionListener@1247fccb, org.springframework.boot.test.autoconfigure.web.servlet.MockMvcPrintOnlyOnFailureTestExecutionListener@20767479, org.springframework.boot.test.autoconfigure.web.servlet.WebDriverTestExecutionListener@62ce3b40, org.springframework.boot.test.autoconfigure.webservices.client.MockWebServiceServerTestExecutionListener@456b4e53, org.springframework.boot.test.mock.mockito.ResetMocksTestExecutionListener@68e74391]
10:38:22.679 [Test worker] DEBUG org.springframework.test.context.support.AbstractDirtiesContextTestExecutionListener - Before test class: context [DefaultTestContext@50961f74 testClass = MediaProjectApiApplicationTests, testInstance = [null], testMethod = [null], testException = [null], mergedContextConfiguration = [WebMergedContextConfiguration@43f70d5a testClass = MediaProjectApiApplicationTests, locations = '{}', classes = '{class com.example.mediaproject.MediaProjectApiApplication}', contextInitializerClasses = '[]', activeProfiles = '{}', propertySourceLocations = '{}', propertySourceProperties = '{org.springframework.boot.test.context.SpringBootTestContextBootstrapper=true}', contextCustomizers = set[org.springframework.boot.test.autoconfigure.actuate.metrics.MetricsExportContextCustomizerFactory$DisableMetricExportContextCustomizer@175266f1, org.springframework.boot.test.autoconfigure.properties.PropertyMappingContextCustomizer@0, org.springframework.boot.test.autoconfigure.web.servlet.WebDriverContextCustomizerFactory$Customizer@6b1844a8, org.springframework.boot.test.context.filter.ExcludeFilterContextCustomizer@79082dc0, org.springframework.boot.test.json.DuplicateJsonObjectContextCustomizerFactory$DuplicateJsonObjectContextCustomizer@5bee229f, org.springframework.boot.test.mock.mockito.MockitoContextCustomizer@0, org.springframework.boot.test.web.client.TestRestTemplateContextCustomizer@6d54164, org.springframework.boot.test.context.SpringBootTestArgs@1, org.springframework.boot.test.context.SpringBootTestWebEnvironment@1d2edc33], resourceBasePath = 'src/main/webapp', contextLoader = 'org.springframework.boot.test.context.SpringBootContextLoader', parent = [null]], attributes = map['org.springframework.test.context.web.ServletTestExecutionListener.activateListener' -> true]], class annotated with @DirtiesContext [false] with mode [null].
10:38:22.750 [Test worker] DEBUG org.springframework.test.context.support.TestPropertySourceUtils - Adding inlined properties to environment: {spring.jmx.enabled=false, org.springframework.boot.test.context.SpringBootTestContextBootstrapper=true}

  .   ____          _            __ _ _
 /\\ / ___'_ __ _ _(_)_ __  __ _ \ \ \ \
( ( )\___ | '_ | '_| | '_ \/ _` | \ \ \ \
 \\/  ___)| |_)| | | | | || (_| |  ) ) ) )
  '  |____| .__|_| |_|_| |_\__, | / / / /
 =========|_|==============|___/=/_/_/_/
 :: Spring Boot ::                (v2.5.1)

2021-11-13 10:38:23.155  INFO 15874 --- [    Test worker] c.e.m.MediaProjectApiApplicationTests    : Starting MediaProjectApiApplicationTests using Java 13.0.8 on MacBook-Pro-cua-PHAM.local with PID 15874 (started by phamkien in /Users/phamkien/MediaProjectApi)
2021-11-13 10:38:23.157  INFO 15874 --- [    Test worker] c.e.m.MediaProjectApiApplicationTests    : No active profile set, falling back to default profiles: default
2021-11-13 10:38:24.517  INFO 15874 --- [    Test worker] .s.d.r.c.RepositoryConfigurationDelegate : Bootstrapping Spring Data JPA repositories in DEFAULT mode.
2021-11-13 10:38:24.597  INFO 15874 --- [    Test worker] .s.d.r.c.RepositoryConfigurationDelegate : Finished Spring Data repository scanning in 71 ms. Found 2 JPA repository interfaces.
2021-11-13 10:38:25.228  INFO 15874 --- [    Test worker] com.zaxxer.hikari.HikariDataSource       : HikariPool-1 - Starting...
2021-11-13 10:38:25.236  WARN 15874 --- [    Test worker] com.zaxxer.hikari.util.DriverDataSource  : Registered driver with driverClassName=com.mysql.jdbc.Driver was not found, trying direct instantiation.
2021-11-13 10:38:25.770  INFO 15874 --- [    Test worker] com.zaxxer.hikari.HikariDataSource       : HikariPool-1 - Start completed.
2021-11-13 10:38:25.955  INFO 15874 --- [    Test worker] o.hibernate.jpa.internal.util.LogHelper  : HHH000204: Processing PersistenceUnitInfo [name: default]
2021-11-13 10:38:26.036  INFO 15874 --- [    Test worker] org.hibernate.Version                    : HHH000412: Hibernate ORM core version 5.4.32.Final
2021-11-13 10:38:26.264  INFO 15874 --- [    Test worker] o.hibernate.annotations.common.Version   : HCANN000001: Hibernate Commons Annotations {5.1.2.Final}
2021-11-13 10:38:26.444  INFO 15874 --- [    Test worker] org.hibernate.dialect.Dialect            : HHH000400: Using dialect: org.hibernate.dialect.MySQL8Dialect
2021-11-13 10:38:27.072  INFO 15874 --- [    Test worker] o.h.e.t.j.p.i.JtaPlatformInitiator       : HHH000490: Using JtaPlatform implementation: [org.hibernate.engine.transaction.jta.platform.internal.NoJtaPlatform]
2021-11-13 10:38:27.084  INFO 15874 --- [    Test worker] j.LocalContainerEntityManagerFactoryBean : Initialized JPA EntityManagerFactory for persistence unit 'default'
2021-11-13 10:38:28.175  WARN 15874 --- [    Test worker] JpaBaseConfiguration$JpaWebConfiguration : spring.jpa.open-in-view is enabled by default. Therefore, database queries may be performed during view rendering. Explicitly configure spring.jpa.open-in-view to disable this warning
2021-11-13 10:38:30.421  INFO 15874 --- [    Test worker] c.e.m.MediaProjectApiApplicationTests    : Started MediaProjectApiApplicationTests in 7.662 seconds (JVM running for 9.477)
]]></system-out>
  <system-err><![CDATA[Loading class `com.mysql.jdbc.Driver'. This is deprecated. The new driver class is `com.mysql.cj.jdbc.Driver'. The driver is automatically registered via the SPI and manual loading of the driver class is generally unnecessary.
]]></system-err>
</testsuite>
